2025-08-08 18:38:45,880 - INFO - [31m[1mWARNING: This is a development server. Do not use it in a production deployment. Use a production WSGI server instead.[0m
 * Running on http://127.0.0.1:5000
2025-08-08 18:38:45,884 - INFO - [33mPress CTRL+C to quit[0m
2025-08-08 18:38:45,898 - INFO -  * Restarting with stat
2025-08-08 18:38:51,593 - WARNING -  * Debugger is active!
2025-08-08 18:38:51,658 - INFO -  * Debugger PIN: 367-747-780
2025-08-08 18:39:06,007 - INFO - 127.0.0.1 - - [08/Aug/2025 18:39:06] "OPTIONS /generate HTTP/1.1" 200 -
2025-08-08 18:39:17,046 - INFO - Attempt 1/15 [diff=medium]
2025-08-08 18:39:18,158 - INFO - Attempt 2/15 [diff=medium]
2025-08-08 18:39:18,973 - INFO - Attempt 3/15 [diff=medium]
2025-08-08 18:39:19,684 - INFO - Attempt 4/15 [diff=medium]
2025-08-08 18:39:20,500 - INFO - Attempt 5/15 [diff=medium]
2025-08-08 18:39:21,231 - INFO - Attempt 6/15 [diff=medium]
2025-08-08 18:39:21,949 - INFO - Attempt 7/15 [diff=medium]
2025-08-08 18:39:22,811 - INFO - Attempt 8/15 [diff=medium]
2025-08-08 18:39:23,701 - INFO - Attempt 9/15 [diff=medium]
2025-08-08 18:39:24,610 - INFO - Attempt 10/15 [diff=medium]
2025-08-08 18:39:25,143 - INFO - Attempt 11/15 [diff=medium]
2025-08-08 18:39:25,901 - INFO - Attempt 12/15 [diff=medium]
2025-08-08 18:39:26,307 - INFO - Attempt 13/15 [diff=medium]
2025-08-08 18:39:26,756 - INFO - Attempt 14/15 [diff=medium]
2025-08-08 18:39:27,253 - INFO - Attempt 15/15 [diff=medium]
2025-08-08 18:39:27,747 - WARNING - Used fallback puzzle with density=52.89% (target: 60.00%-69.00%)
2025-08-08 18:39:28,122 - INFO - 127.0.0.1 - - [08/Aug/2025 18:39:28] "POST /generate HTTP/1.1" 200 -
2025-08-08 18:39:36,171 - INFO - 127.0.0.1 - - [08/Aug/2025 18:39:36] "OPTIONS /generate HTTP/1.1" 200 -
2025-08-08 18:39:39,607 - INFO - Attempt 1/15 [diff=medium]
2025-08-08 18:39:40,187 - INFO - Attempt 2/15 [diff=medium]
2025-08-08 18:39:40,785 - INFO - Attempt 3/15 [diff=medium]
2025-08-08 18:39:41,417 - INFO - Attempt 4/15 [diff=medium]
2025-08-08 18:39:41,908 - INFO - Attempt 5/15 [diff=medium]
2025-08-08 18:39:42,578 - INFO - Attempt 6/15 [diff=medium]
2025-08-08 18:39:43,458 - INFO - Attempt 7/15 [diff=medium]
2025-08-08 18:39:44,449 - INFO - Attempt 8/15 [diff=medium]
2025-08-08 18:39:45,068 - INFO - Attempt 9/15 [diff=medium]
2025-08-08 18:39:45,596 - INFO - Attempt 10/15 [diff=medium]
2025-08-08 18:39:46,668 - INFO - Attempt 11/15 [diff=medium]
2025-08-08 18:39:47,426 - INFO - Attempt 12/15 [diff=medium]
2025-08-08 18:39:48,154 - INFO - Attempt 13/15 [diff=medium]
2025-08-08 18:39:48,717 - INFO - Attempt 14/15 [diff=medium]
2025-08-08 18:39:49,554 - INFO - Attempt 15/15 [diff=medium]
2025-08-08 18:39:50,184 - WARNING - Used fallback puzzle with density=53.06% (target: 60.00%-69.00%)
2025-08-08 18:39:50,368 - INFO - 127.0.0.1 - - [08/Aug/2025 18:39:50] "POST /generate HTTP/1.1" 200 -
2025-08-08 18:39:57,704 - INFO - 127.0.0.1 - - [08/Aug/2025 18:39:57] "OPTIONS /solve HTTP/1.1" 200 -
2025-08-08 18:39:57,973 - INFO - Starting A* crossword solver
2025-08-08 18:39:57,974 - INFO - Initializing AStarCrosswordSolver
2025-08-08 18:39:57,975 - INFO - Starting crossword solve
2025-08-08 18:39:57,975 - INFO - Found 9 word slots to fill
2025-08-08 18:40:15,934 - INFO - Using known correct answer 'APT' for slot 1 across
2025-08-08 18:40:20,129 - INFO - Using known correct answer 'III' for slot 6 across
2025-08-08 18:40:22,771 - INFO - Using known correct answer 'YON' for slot 7 across
2025-08-08 18:40:26,357 - INFO - Using known correct answer 'TAN' for slot 9 across
2025-08-08 18:40:26,368 - INFO - Using known correct answer 'PLAIN' for slot 2 down
2025-08-08 18:40:26,378 - INFO - Using known correct answer 'EASY' for slot 3 down
2025-08-08 18:40:30,542 - INFO - Using known correct answer 'QUIET' for slot 4 down
2025-08-08 18:40:34,404 - INFO - Using known correct answer 'SLAIN' for slot 5 down
2025-08-08 18:40:38,140 - INFO - Using known correct answer 'OUT' for slot 8 down
2025-08-08 18:40:38,140 - INFO - Slot processing order (by candidate count):
2025-08-08 18:40:38,141 - INFO -   Slot 1 across: 1 candidates
2025-08-08 18:40:38,141 - INFO -   Slot 6 across: 1 candidates
2025-08-08 18:40:38,141 - INFO -   Slot 7 across: 1 candidates
2025-08-08 18:40:38,142 - INFO -   Slot 9 across: 1 candidates
2025-08-08 18:40:38,142 - INFO -   Slot 2 down: 1 candidates
2025-08-08 18:40:38,142 - INFO -   Slot 3 down: 1 candidates
2025-08-08 18:40:38,143 - INFO -   Slot 4 down: 1 candidates
2025-08-08 18:40:38,143 - INFO -   Slot 5 down: 1 candidates
2025-08-08 18:40:38,144 - INFO -   Slot 8 down: 1 candidates
2025-08-08 18:40:38,144 - INFO - Attempting to place word in slot 1 across
2025-08-08 18:40:38,144 - INFO - Placing word: APT in slot 1 across
2025-08-08 18:40:38,145 - INFO - Attempting to place word in slot 6 across
2025-08-08 18:40:38,145 - INFO - Placing word: III in slot 6 across
2025-08-08 18:40:38,145 - INFO - Attempting to place word in slot 7 across
2025-08-08 18:40:38,146 - INFO - Placing word: YON in slot 7 across
2025-08-08 18:40:38,146 - INFO - Attempting to place word in slot 9 across
2025-08-08 18:40:38,146 - INFO - Placing word: TAN in slot 9 across
2025-08-08 18:40:38,147 - INFO - Attempting to place word in slot 2 down
2025-08-08 18:40:38,147 - INFO - Placing word: PLAIN in slot 2 down
2025-08-08 18:40:38,147 - INFO - Attempting to place word in slot 3 down
2025-08-08 18:40:38,148 - INFO - Placing word: EASY in slot 3 down
2025-08-08 18:40:38,148 - INFO - Attempting to place word in slot 4 down
2025-08-08 18:40:38,148 - INFO - Placing word: QUIET in slot 4 down
2025-08-08 18:40:38,149 - INFO - Attempting to place word in slot 5 down
2025-08-08 18:40:38,149 - INFO - Placing word: SLAIN in slot 5 down
2025-08-08 18:40:38,149 - INFO - Attempting to place word in slot 8 down
2025-08-08 18:40:38,150 - INFO - Placing word: OUT in slot 8 down
2025-08-08 18:40:38,150 - INFO - Solve complete. Status: success. Placed 9/9 words
2025-08-08 18:40:38,150 - INFO - A* solver completed
2025-08-08 18:40:38,151 - INFO - 127.0.0.1 - - [08/Aug/2025 18:40:38] "POST /solve HTTP/1.1" 200 -
2025-08-08 18:43:50,634 - INFO - 127.0.0.1 - - [08/Aug/2025 18:43:50] "OPTIONS /generate HTTP/1.1" 200 -
2025-08-08 18:43:51,119 - INFO - Attempt 1/15 [diff=medium]
2025-08-08 18:43:52,318 - INFO - Attempt 2/15 [diff=medium]
2025-08-08 18:43:53,240 - INFO - Attempt 3/15 [diff=medium]
2025-08-08 18:43:53,912 - INFO - Attempt 4/15 [diff=medium]
2025-08-08 18:43:54,430 - INFO - Attempt 5/15 [diff=medium]
2025-08-08 18:43:54,898 - INFO - Attempt 6/15 [diff=medium]
2025-08-08 18:43:55,877 - INFO - Attempt 7/15 [diff=medium]
2025-08-08 18:43:56,856 - INFO - Attempt 8/15 [diff=medium]
2025-08-08 18:43:57,698 - INFO - Attempt 9/15 [diff=medium]
2025-08-08 18:43:58,347 - INFO - Attempt 10/15 [diff=medium]
2025-08-08 18:43:59,186 - INFO - Attempt 11/15 [diff=medium]
2025-08-08 18:43:59,882 - INFO - Attempt 12/15 [diff=medium]
2025-08-08 18:44:00,508 - INFO - Attempt 13/15 [diff=medium]
2025-08-08 18:44:01,015 - INFO - Attempt 14/15 [diff=medium]
2025-08-08 18:44:01,559 - INFO - Attempt 15/15 [diff=medium]
2025-08-08 18:44:02,141 - WARNING - Used fallback puzzle with density=53.33% (target: 60.00%-69.00%)
2025-08-08 18:44:02,288 - INFO - 127.0.0.1 - - [08/Aug/2025 18:44:02] "POST /generate HTTP/1.1" 200 -
2025-08-08 18:48:30,186 - INFO - 127.0.0.1 - - [08/Aug/2025 18:48:30] "OPTIONS /generate HTTP/1.1" 200 -
2025-08-08 18:48:30,656 - INFO - Attempt 1/15 [diff=easy]
2025-08-08 18:48:31,934 - INFO - 127.0.0.1 - - [08/Aug/2025 18:48:31] "POST /generate HTTP/1.1" 200 -
2025-08-08 19:01:03,078 - INFO - 127.0.0.1 - - [08/Aug/2025 19:01:03] "OPTIONS /generate HTTP/1.1" 200 -
2025-08-08 19:01:04,712 - INFO - Attempt 1/15 [diff=easy]
2025-08-08 19:01:05,184 - INFO - Attempt 2/15 [diff=easy]
2025-08-08 19:01:06,035 - INFO - 127.0.0.1 - - [08/Aug/2025 19:01:06] "POST /generate HTTP/1.1" 200 -
2025-08-08 19:24:39,825 - INFO -  * Detected change in 'D:\\T\\CSA2 Thesis\\Crossword-Solver\\flask-backend\\solver\\astar_solver.py', reloading
